<?xml version="1.0" encoding="UTF-8"?>
<testsuite xmlns:xsi="http://www.w3.org/2001/XMLSchema-instance" xsi:noNamespaceSchemaLocation="https://maven.apache.org/surefire/maven-surefire-plugin/xsd/surefire-test-report.xsd" name="com.se.goBears.service.RoomServiceTest" time="11.548" tests="4" errors="0" skipped="0" failures="0">
  <properties>
[...]
</properties>
  <testcase name="sameRoomErrorTest" classname="com.se.goBears.service.RoomServiceTest" time="0.745"/>
  <testcase name="makeBookableFalseTest" classname="com.se.goBears.service.RoomServiceTest" time="0.787"/>
  <testcase name="updateRoomTest" classname="com.se.goBears.service.RoomServiceTest" time="0.783"/>
  <testcase name="createRoomTest" classname="com.se.goBears.service.RoomServiceTest" time="0.555"/>
</testsuite>